
*** Running vivado
    with args -log Top_module.vds -m64 -product Vivado -mode batch -messageDb vivado.pb -notrace -source Top_module.tcl



****** Vivado v2020.2 (64-bit)
  **** SW Build 3064766 on Wed Nov 18 09:12:45 MST 2020
  **** IP Build 3064653 on Wed Nov 18 14:17:31 MST 2020
    ** Copyright 1986-2020 Xilinx, Inc. All Rights Reserved.

source Top_module.tcl -notrace
Command: synth_design -top Top_module -part xc7a35tcpg236-1
Starting synth_design
Attempting to get a license for feature 'Synthesis' and/or device 'xc7a35t'
INFO: [Common 17-349] Got license for feature 'Synthesis' and/or device 'xc7a35t'
INFO: [Device 21-403] Loading part xc7a35tcpg236-1
INFO: [Synth 8-7079] Multithreading enabled for synth_design using a maximum of 2 processes.
INFO: [Synth 8-7078] Launching helper process for spawning children vivado processes
INFO: [Synth 8-7075] Helper process launched with PID 37964
---------------------------------------------------------------------------------
Starting RTL Elaboration : Time (s): cpu = 00:00:02 ; elapsed = 00:00:02 . Memory (MB): peak = 1116.199 ; gain = 0.000
---------------------------------------------------------------------------------
INFO: [Synth 8-6157] synthesizing module 'Top_module' [C:/Users/nayun/verilog20.2/Ondevice_verilog/sensor_project/Integrated Project/Integrated Project.srcs/sources_1/Top_module.v:3]
INFO: [Synth 8-6157] synthesizing module 'btn' [C:/Users/nayun/verilog20.2/Ondevice_verilog/sensor_project/Integrated Project/Integrated Project.srcs/sources_1/Input_unit/TOP_btn.v:3]
INFO: [Synth 8-6157] synthesizing module 'btn_debounce' [C:/Users/nayun/verilog20.2/Ondevice_verilog/sensor_project/Integrated Project/Integrated Project.srcs/sources_1/Input_unit/btn_debounce.v:3]
	Parameter CLK_DIV bound to: 100000 - type: integer 
	Parameter F_COUNT bound to: 1000 - type: integer 
INFO: [Synth 8-6155] done synthesizing module 'btn_debounce' (1#1) [C:/Users/nayun/verilog20.2/Ondevice_verilog/sensor_project/Integrated Project/Integrated Project.srcs/sources_1/Input_unit/btn_debounce.v:3]
INFO: [Synth 8-6155] done synthesizing module 'btn' (2#1) [C:/Users/nayun/verilog20.2/Ondevice_verilog/sensor_project/Integrated Project/Integrated Project.srcs/sources_1/Input_unit/TOP_btn.v:3]
INFO: [Synth 8-6157] synthesizing module 'sensor_timer' [C:/Users/nayun/verilog20.2/Ondevice_verilog/sensor_project/Integrated Project/Integrated Project.srcs/sources_1/sensor_timer.v:3]
	Parameter TARGET_TICK bound to: 200000000 - type: integer 
INFO: [Synth 8-6155] done synthesizing module 'sensor_timer' (3#1) [C:/Users/nayun/verilog20.2/Ondevice_verilog/sensor_project/Integrated Project/Integrated Project.srcs/sources_1/sensor_timer.v:3]
INFO: [Synth 8-6157] synthesizing module 'sensor_timer__parameterized0' [C:/Users/nayun/verilog20.2/Ondevice_verilog/sensor_project/Integrated Project/Integrated Project.srcs/sources_1/sensor_timer.v:3]
	Parameter TARGET_TICK bound to: 6000000 - type: integer 
INFO: [Synth 8-6155] done synthesizing module 'sensor_timer__parameterized0' (3#1) [C:/Users/nayun/verilog20.2/Ondevice_verilog/sensor_project/Integrated Project/Integrated Project.srcs/sources_1/sensor_timer.v:3]
INFO: [Synth 8-6157] synthesizing module 'control_unit_top' [C:/Users/nayun/verilog20.2/Ondevice_verilog/sensor_project/Integrated Project/Integrated Project.srcs/sources_1/control unit/control_top.v:3]
INFO: [Synth 8-6157] synthesizing module 'SR04_controller' [C:/Users/nayun/verilog20.2/Ondevice_verilog/sensor_project/Integrated Project/Integrated Project.srcs/sources_1/control unit/sr04_controller.v:1]
	Parameter IDLE bound to: 2'b00 
	Parameter TRIGGER bound to: 2'b01 
	Parameter ECHO_WAIT bound to: 2'b10 
	Parameter ECHO_COUNT bound to: 2'b11 
	Parameter MAX bound to: 23200 - type: integer 
INFO: [Synth 8-6157] synthesizing module 'tick_gen_1us' [C:/Users/nayun/verilog20.2/Ondevice_verilog/sensor_project/Integrated Project/Integrated Project.srcs/sources_1/control unit/tick_gen_1us.v:3]
	Parameter FCOUNT bound to: 100 - type: integer 
INFO: [Synth 8-6155] done synthesizing module 'tick_gen_1us' (4#1) [C:/Users/nayun/verilog20.2/Ondevice_verilog/sensor_project/Integrated Project/Integrated Project.srcs/sources_1/control unit/tick_gen_1us.v:3]
INFO: [Synth 8-6155] done synthesizing module 'SR04_controller' (5#1) [C:/Users/nayun/verilog20.2/Ondevice_verilog/sensor_project/Integrated Project/Integrated Project.srcs/sources_1/control unit/sr04_controller.v:1]
INFO: [Synth 8-6157] synthesizing module 'dht11_controller' [C:/Users/nayun/verilog20.2/Ondevice_verilog/sensor_project/Integrated Project/Integrated Project.srcs/sources_1/control unit/dht11_controller.v:3]
	Parameter IDLE bound to: 0 - type: integer 
	Parameter START bound to: 1 - type: integer 
	Parameter WAIT bound to: 2 - type: integer 
	Parameter SYNC_L bound to: 3 - type: integer 
	Parameter SYNC_H bound to: 4 - type: integer 
	Parameter DATA_SYNC bound to: 5 - type: integer 
	Parameter DATA_C bound to: 6 - type: integer 
	Parameter STOP bound to: 7 - type: integer 
INFO: [Synth 8-6155] done synthesizing module 'dht11_controller' (6#1) [C:/Users/nayun/verilog20.2/Ondevice_verilog/sensor_project/Integrated Project/Integrated Project.srcs/sources_1/control unit/dht11_controller.v:3]
INFO: [Synth 8-6157] synthesizing module 'watch_stw_control_unit' [C:/Users/nayun/verilog20.2/Ondevice_verilog/sensor_project/Integrated Project/Integrated Project.srcs/sources_1/control unit/watch_stopwatch_cntl/TOP_control_unit.v:3]
INFO: [Synth 8-6157] synthesizing module 'stopwatch_control_unit' [C:/Users/nayun/verilog20.2/Ondevice_verilog/sensor_project/Integrated Project/Integrated Project.srcs/sources_1/control unit/watch_stopwatch_cntl/STOPWATCH_control_unit.v:2]
	Parameter stop bound to: 2'b00 
	Parameter run bound to: 2'b01 
	Parameter clear bound to: 2'b10 
INFO: [Synth 8-155] case statement is not full and has no default [C:/Users/nayun/verilog20.2/Ondevice_verilog/sensor_project/Integrated Project/Integrated Project.srcs/sources_1/control unit/watch_stopwatch_cntl/STOPWATCH_control_unit.v:32]
INFO: [Synth 8-6155] done synthesizing module 'stopwatch_control_unit' (7#1) [C:/Users/nayun/verilog20.2/Ondevice_verilog/sensor_project/Integrated Project/Integrated Project.srcs/sources_1/control unit/watch_stopwatch_cntl/STOPWATCH_control_unit.v:2]
INFO: [Synth 8-6157] synthesizing module 'watch_control_unit' [C:/Users/nayun/verilog20.2/Ondevice_verilog/sensor_project/Integrated Project/Integrated Project.srcs/sources_1/control unit/watch_stopwatch_cntl/WATCH_control_unit.v:3]
	Parameter IDLE bound to: 3'b000 
	Parameter H_10 bound to: 3'b001 
	Parameter H_1 bound to: 3'b010 
	Parameter M_10 bound to: 3'b011 
	Parameter M_1 bound to: 3'b100 
INFO: [Synth 8-6155] done synthesizing module 'watch_control_unit' (8#1) [C:/Users/nayun/verilog20.2/Ondevice_verilog/sensor_project/Integrated Project/Integrated Project.srcs/sources_1/control unit/watch_stopwatch_cntl/WATCH_control_unit.v:3]
INFO: [Synth 8-6155] done synthesizing module 'watch_stw_control_unit' (9#1) [C:/Users/nayun/verilog20.2/Ondevice_verilog/sensor_project/Integrated Project/Integrated Project.srcs/sources_1/control unit/watch_stopwatch_cntl/TOP_control_unit.v:3]
INFO: [Synth 8-6155] done synthesizing module 'control_unit_top' (10#1) [C:/Users/nayun/verilog20.2/Ondevice_verilog/sensor_project/Integrated Project/Integrated Project.srcs/sources_1/control unit/control_top.v:3]
INFO: [Synth 8-6157] synthesizing module 'data_path' [C:/Users/nayun/verilog20.2/Ondevice_verilog/sensor_project/Integrated Project/Integrated Project.srcs/sources_1/Data_path_unit/TOP_data_path.v:3]
INFO: [Synth 8-6157] synthesizing module 'StopWatch_Datapath' [C:/Users/nayun/verilog20.2/Ondevice_verilog/sensor_project/Integrated Project/Integrated Project.srcs/sources_1/Data_path_unit/StopWatch_Data_path.v:3]
INFO: [Synth 8-6157] synthesizing module 'Tick_generator' [C:/Users/nayun/verilog20.2/Ondevice_verilog/sensor_project/Integrated Project/Integrated Project.srcs/sources_1/Data_path_unit/Tick_generator.v:3]
	Parameter CLK_FREQ bound to: 100000000 - type: integer 
	Parameter TICK_FREQ bound to: 100 - type: integer 
	Parameter counter_max bound to: 1000000 - type: integer 
INFO: [Synth 8-6155] done synthesizing module 'Tick_generator' (11#1) [C:/Users/nayun/verilog20.2/Ondevice_verilog/sensor_project/Integrated Project/Integrated Project.srcs/sources_1/Data_path_unit/Tick_generator.v:3]
INFO: [Synth 8-6157] synthesizing module 'tick_time_counter' [C:/Users/nayun/verilog20.2/Ondevice_verilog/sensor_project/Integrated Project/Integrated Project.srcs/sources_1/Data_path_unit/tick_time_counter.v:4]
	Parameter TIME bound to: 100 - type: integer 
	Parameter COUNT_BITWIDTH bound to: 7 - type: integer 
	Parameter INITIAL_VALUE bound to: 0 - type: integer 
INFO: [Synth 8-6155] done synthesizing module 'tick_time_counter' (12#1) [C:/Users/nayun/verilog20.2/Ondevice_verilog/sensor_project/Integrated Project/Integrated Project.srcs/sources_1/Data_path_unit/tick_time_counter.v:4]
INFO: [Synth 8-6157] synthesizing module 'tick_time_counter__parameterized0' [C:/Users/nayun/verilog20.2/Ondevice_verilog/sensor_project/Integrated Project/Integrated Project.srcs/sources_1/Data_path_unit/tick_time_counter.v:4]
	Parameter TIME bound to: 60 - type: integer 
	Parameter COUNT_BITWIDTH bound to: 6 - type: integer 
	Parameter INITIAL_VALUE bound to: 0 - type: integer 
INFO: [Synth 8-6155] done synthesizing module 'tick_time_counter__parameterized0' (12#1) [C:/Users/nayun/verilog20.2/Ondevice_verilog/sensor_project/Integrated Project/Integrated Project.srcs/sources_1/Data_path_unit/tick_time_counter.v:4]
INFO: [Synth 8-6157] synthesizing module 'tick_time_counter__parameterized1' [C:/Users/nayun/verilog20.2/Ondevice_verilog/sensor_project/Integrated Project/Integrated Project.srcs/sources_1/Data_path_unit/tick_time_counter.v:4]
	Parameter TIME bound to: 24 - type: integer 
	Parameter COUNT_BITWIDTH bound to: 5 - type: integer 
	Parameter INITIAL_VALUE bound to: 0 - type: integer 
INFO: [Synth 8-6155] done synthesizing module 'tick_time_counter__parameterized1' (12#1) [C:/Users/nayun/verilog20.2/Ondevice_verilog/sensor_project/Integrated Project/Integrated Project.srcs/sources_1/Data_path_unit/tick_time_counter.v:4]
INFO: [Synth 8-6155] done synthesizing module 'StopWatch_Datapath' (13#1) [C:/Users/nayun/verilog20.2/Ondevice_verilog/sensor_project/Integrated Project/Integrated Project.srcs/sources_1/Data_path_unit/StopWatch_Data_path.v:3]
INFO: [Synth 8-6157] synthesizing module 'Watch_Datapath' [C:/Users/nayun/verilog20.2/Ondevice_verilog/sensor_project/Integrated Project/Integrated Project.srcs/sources_1/Data_path_unit/Watch_Data_path.v:3]
INFO: [Synth 8-6157] synthesizing module 'Smart_Button_Controller' [C:/Users/nayun/verilog20.2/Ondevice_verilog/sensor_project/Integrated Project/Integrated Project.srcs/sources_1/Data_path_unit/Smart_Button_Controller.v:5]
INFO: [Synth 8-6155] done synthesizing module 'Smart_Button_Controller' (14#1) [C:/Users/nayun/verilog20.2/Ondevice_verilog/sensor_project/Integrated Project/Integrated Project.srcs/sources_1/Data_path_unit/Smart_Button_Controller.v:5]
INFO: [Synth 8-6157] synthesizing module 'tick_time_counter__parameterized2' [C:/Users/nayun/verilog20.2/Ondevice_verilog/sensor_project/Integrated Project/Integrated Project.srcs/sources_1/Data_path_unit/tick_time_counter.v:4]
	Parameter TIME bound to: 24 - type: integer 
	Parameter COUNT_BITWIDTH bound to: 5 - type: integer 
	Parameter INITIAL_VALUE bound to: 12 - type: integer 
INFO: [Synth 8-6155] done synthesizing module 'tick_time_counter__parameterized2' (14#1) [C:/Users/nayun/verilog20.2/Ondevice_verilog/sensor_project/Integrated Project/Integrated Project.srcs/sources_1/Data_path_unit/tick_time_counter.v:4]
INFO: [Synth 8-6155] done synthesizing module 'Watch_Datapath' (15#1) [C:/Users/nayun/verilog20.2/Ondevice_verilog/sensor_project/Integrated Project/Integrated Project.srcs/sources_1/Data_path_unit/Watch_Data_path.v:3]
INFO: [Synth 8-6157] synthesizing module 'MUX_4x1' [C:/Users/nayun/verilog20.2/Ondevice_verilog/sensor_project/Integrated Project/Integrated Project.srcs/sources_1/FND_CNTL/MUX.v:30]
INFO: [Synth 8-6155] done synthesizing module 'MUX_4x1' (16#1) [C:/Users/nayun/verilog20.2/Ondevice_verilog/sensor_project/Integrated Project/Integrated Project.srcs/sources_1/FND_CNTL/MUX.v:30]
INFO: [Synth 8-6155] done synthesizing module 'data_path' (17#1) [C:/Users/nayun/verilog20.2/Ondevice_verilog/sensor_project/Integrated Project/Integrated Project.srcs/sources_1/Data_path_unit/TOP_data_path.v:3]
INFO: [Synth 8-6157] synthesizing module 'FND_CNTL' [C:/Users/nayun/verilog20.2/Ondevice_verilog/sensor_project/Integrated Project/Integrated Project.srcs/sources_1/FND_CNTL/TOP_FND_CNTL.v:3]
	Parameter BIT_WIDTH bound to: 3 - type: integer 
INFO: [Synth 8-6157] synthesizing module 'CLK_Divider' [C:/Users/nayun/verilog20.2/Ondevice_verilog/sensor_project/Integrated Project/Integrated Project.srcs/sources_1/FND_CNTL/CLK_Divider.v:3]
INFO: [Synth 8-6155] done synthesizing module 'CLK_Divider' (18#1) [C:/Users/nayun/verilog20.2/Ondevice_verilog/sensor_project/Integrated Project/Integrated Project.srcs/sources_1/FND_CNTL/CLK_Divider.v:3]
INFO: [Synth 8-6157] synthesizing module 'Counter' [C:/Users/nayun/verilog20.2/Ondevice_verilog/sensor_project/Integrated Project/Integrated Project.srcs/sources_1/FND_CNTL/Counter.v:3]
	Parameter BIT_WIDTH bound to: 3 - type: integer 
INFO: [Synth 8-6155] done synthesizing module 'Counter' (19#1) [C:/Users/nayun/verilog20.2/Ondevice_verilog/sensor_project/Integrated Project/Integrated Project.srcs/sources_1/FND_CNTL/Counter.v:3]
INFO: [Synth 8-6157] synthesizing module 'Decoder2to4' [C:/Users/nayun/verilog20.2/Ondevice_verilog/sensor_project/Integrated Project/Integrated Project.srcs/sources_1/FND_CNTL/Decoder2to4.v:3]
INFO: [Synth 8-6155] done synthesizing module 'Decoder2to4' (20#1) [C:/Users/nayun/verilog20.2/Ondevice_verilog/sensor_project/Integrated Project/Integrated Project.srcs/sources_1/FND_CNTL/Decoder2to4.v:3]
INFO: [Synth 8-6157] synthesizing module 'Digit_splitter' [C:/Users/nayun/verilog20.2/Ondevice_verilog/sensor_project/Integrated Project/Integrated Project.srcs/sources_1/FND_CNTL/Digit_splitter.v:3]
	Parameter BIT_WIDTH bound to: 8 - type: integer 
INFO: [Synth 8-6155] done synthesizing module 'Digit_splitter' (21#1) [C:/Users/nayun/verilog20.2/Ondevice_verilog/sensor_project/Integrated Project/Integrated Project.srcs/sources_1/FND_CNTL/Digit_splitter.v:3]
INFO: [Synth 8-6157] synthesizing module 'MUX_8x1' [C:/Users/nayun/verilog20.2/Ondevice_verilog/sensor_project/Integrated Project/Integrated Project.srcs/sources_1/FND_CNTL/MUX.v:3]
INFO: [Synth 8-6155] done synthesizing module 'MUX_8x1' (22#1) [C:/Users/nayun/verilog20.2/Ondevice_verilog/sensor_project/Integrated Project/Integrated Project.srcs/sources_1/FND_CNTL/MUX.v:3]
INFO: [Synth 8-6157] synthesizing module 'Mux_2x1' [C:/Users/nayun/verilog20.2/Ondevice_verilog/sensor_project/Integrated Project/Integrated Project.srcs/sources_1/FND_CNTL/MUX.v:50]
INFO: [Synth 8-6155] done synthesizing module 'Mux_2x1' (23#1) [C:/Users/nayun/verilog20.2/Ondevice_verilog/sensor_project/Integrated Project/Integrated Project.srcs/sources_1/FND_CNTL/MUX.v:50]
INFO: [Synth 8-6157] synthesizing module 'dot_onoff_' [C:/Users/nayun/verilog20.2/Ondevice_verilog/sensor_project/Integrated Project/Integrated Project.srcs/sources_1/FND_CNTL/dot_onoff.v:4]
INFO: [Synth 8-6155] done synthesizing module 'dot_onoff_' (24#1) [C:/Users/nayun/verilog20.2/Ondevice_verilog/sensor_project/Integrated Project/Integrated Project.srcs/sources_1/FND_CNTL/dot_onoff.v:4]
INFO: [Synth 8-6157] synthesizing module 'BCD' [C:/Users/nayun/verilog20.2/Ondevice_verilog/sensor_project/Integrated Project/Integrated Project.srcs/sources_1/FND_CNTL/BCD.v:1]
INFO: [Synth 8-226] default block is never used [C:/Users/nayun/verilog20.2/Ondevice_verilog/sensor_project/Integrated Project/Integrated Project.srcs/sources_1/FND_CNTL/BCD.v:7]
INFO: [Synth 8-6155] done synthesizing module 'BCD' (25#1) [C:/Users/nayun/verilog20.2/Ondevice_verilog/sensor_project/Integrated Project/Integrated Project.srcs/sources_1/FND_CNTL/BCD.v:1]
INFO: [Synth 8-6155] done synthesizing module 'FND_CNTL' (26#1) [C:/Users/nayun/verilog20.2/Ondevice_verilog/sensor_project/Integrated Project/Integrated Project.srcs/sources_1/FND_CNTL/TOP_FND_CNTL.v:3]
INFO: [Synth 8-6157] synthesizing module 'ascii_decoder' [C:/Users/nayun/verilog20.2/Ondevice_verilog/sensor_project/Integrated Project/Integrated Project.srcs/sources_1/ascii/ascill_decoder.v:3]
	Parameter PULSE_MAX bound to: 100000 - type: integer 
INFO: [Synth 8-155] case statement is not full and has no default [C:/Users/nayun/verilog20.2/Ondevice_verilog/sensor_project/Integrated Project/Integrated Project.srcs/sources_1/ascii/ascill_decoder.v:66]
INFO: [Synth 8-6155] done synthesizing module 'ascii_decoder' (27#1) [C:/Users/nayun/verilog20.2/Ondevice_verilog/sensor_project/Integrated Project/Integrated Project.srcs/sources_1/ascii/ascill_decoder.v:3]
INFO: [Synth 8-6157] synthesizing module 'ascii_sender' [C:/Users/nayun/verilog20.2/Ondevice_verilog/sensor_project/Integrated Project/Integrated Project.srcs/sources_1/ascii/ascii_sender.v:3]
	Parameter IDLE bound to: 2'b00 
	Parameter SEND bound to: 2'b01 
	Parameter DONE bound to: 2'b10 
INFO: [Synth 8-6155] done synthesizing module 'ascii_sender' (28#1) [C:/Users/nayun/verilog20.2/Ondevice_verilog/sensor_project/Integrated Project/Integrated Project.srcs/sources_1/ascii/ascii_sender.v:3]
INFO: [Synth 8-6157] synthesizing module 'Top_FIFO' [C:/Users/nayun/verilog20.2/Ondevice_verilog/sensor_project/Integrated Project/Integrated Project.srcs/sources_1/FIFO/Top_FIFO.v:3]
	Parameter Data_Width bound to: 8 - type: integer 
	Parameter Address_Depth bound to: 32 - type: integer 
INFO: [Synth 8-6157] synthesizing module 'fifo_register' [C:/Users/nayun/verilog20.2/Ondevice_verilog/sensor_project/Integrated Project/Integrated Project.srcs/sources_1/FIFO/fifo_register.v:11]
	Parameter Data_Width bound to: 8 - type: integer 
	Parameter Address_Depth bound to: 32 - type: integer 
INFO: [Synth 8-6155] done synthesizing module 'fifo_register' (29#1) [C:/Users/nayun/verilog20.2/Ondevice_verilog/sensor_project/Integrated Project/Integrated Project.srcs/sources_1/FIFO/fifo_register.v:11]
INFO: [Synth 8-6157] synthesizing module 'fifo_control' [C:/Users/nayun/verilog20.2/Ondevice_verilog/sensor_project/Integrated Project/Integrated Project.srcs/sources_1/FIFO/fifo_control.v:3]
	Parameter Address_Depth bound to: 32 - type: integer 
INFO: [Synth 8-6155] done synthesizing module 'fifo_control' (30#1) [C:/Users/nayun/verilog20.2/Ondevice_verilog/sensor_project/Integrated Project/Integrated Project.srcs/sources_1/FIFO/fifo_control.v:3]
INFO: [Synth 8-6155] done synthesizing module 'Top_FIFO' (31#1) [C:/Users/nayun/verilog20.2/Ondevice_verilog/sensor_project/Integrated Project/Integrated Project.srcs/sources_1/FIFO/Top_FIFO.v:3]
INFO: [Synth 8-6157] synthesizing module 'fifo_uart_fsm' [C:/Users/nayun/verilog20.2/Ondevice_verilog/sensor_project/Integrated Project/Integrated Project.srcs/sources_1/FIFO/fifo_fsm.v:3]
INFO: [Synth 8-6155] done synthesizing module 'fifo_uart_fsm' (32#1) [C:/Users/nayun/verilog20.2/Ondevice_verilog/sensor_project/Integrated Project/Integrated Project.srcs/sources_1/FIFO/fifo_fsm.v:3]
INFO: [Synth 8-6157] synthesizing module 'UART_Top_Module' [C:/Users/nayun/verilog20.2/Ondevice_verilog/sensor_project/Integrated Project/Integrated Project.srcs/sources_1/uart/UART_TOP_module.v:3]
INFO: [Synth 8-6157] synthesizing module 'Tx' [C:/Users/nayun/verilog20.2/Ondevice_verilog/sensor_project/Integrated Project/Integrated Project.srcs/sources_1/uart/Tx.v:3]
	Parameter IDLE bound to: 2'b00 
	Parameter START bound to: 2'b01 
	Parameter DATA bound to: 2'b10 
	Parameter STOP bound to: 2'b11 
INFO: [Synth 8-155] case statement is not full and has no default [C:/Users/nayun/verilog20.2/Ondevice_verilog/sensor_project/Integrated Project/Integrated Project.srcs/sources_1/uart/Tx.v:76]
INFO: [Synth 8-6155] done synthesizing module 'Tx' (33#1) [C:/Users/nayun/verilog20.2/Ondevice_verilog/sensor_project/Integrated Project/Integrated Project.srcs/sources_1/uart/Tx.v:3]
INFO: [Synth 8-6157] synthesizing module 'Rx' [C:/Users/nayun/verilog20.2/Ondevice_verilog/sensor_project/Integrated Project/Integrated Project.srcs/sources_1/uart/Rx.v:3]
	Parameter IDLE bound to: 2'b00 
	Parameter START bound to: 2'b01 
	Parameter DATA bound to: 2'b10 
	Parameter STOP bound to: 2'b11 
INFO: [Synth 8-6155] done synthesizing module 'Rx' (34#1) [C:/Users/nayun/verilog20.2/Ondevice_verilog/sensor_project/Integrated Project/Integrated Project.srcs/sources_1/uart/Rx.v:3]
INFO: [Synth 8-6157] synthesizing module 'baud_tick_16' [C:/Users/nayun/verilog20.2/Ondevice_verilog/sensor_project/Integrated Project/Integrated Project.srcs/sources_1/uart/baud_tick_16oversample.v:6]
	Parameter SYS_CLK bound to: 100000000 - type: integer 
	Parameter TARGET_CLK bound to: 153600 - type: integer 
	Parameter FRE_COUNTER bound to: 651 - type: integer 
INFO: [Synth 8-6155] done synthesizing module 'baud_tick_16' (35#1) [C:/Users/nayun/verilog20.2/Ondevice_verilog/sensor_project/Integrated Project/Integrated Project.srcs/sources_1/uart/baud_tick_16oversample.v:6]
INFO: [Synth 8-6155] done synthesizing module 'UART_Top_Module' (36#1) [C:/Users/nayun/verilog20.2/Ondevice_verilog/sensor_project/Integrated Project/Integrated Project.srcs/sources_1/uart/UART_TOP_module.v:3]
INFO: [Synth 8-6155] done synthesizing module 'Top_module' (37#1) [C:/Users/nayun/verilog20.2/Ondevice_verilog/sensor_project/Integrated Project/Integrated Project.srcs/sources_1/Top_module.v:3]
---------------------------------------------------------------------------------
Finished RTL Elaboration : Time (s): cpu = 00:00:03 ; elapsed = 00:00:03 . Memory (MB): peak = 1119.738 ; gain = 3.539
---------------------------------------------------------------------------------
---------------------------------------------------------------------------------
Start Handling Custom Attributes
---------------------------------------------------------------------------------
---------------------------------------------------------------------------------
Finished Handling Custom Attributes : Time (s): cpu = 00:00:04 ; elapsed = 00:00:04 . Memory (MB): peak = 1119.738 ; gain = 3.539
---------------------------------------------------------------------------------
---------------------------------------------------------------------------------
Finished RTL Optimization Phase 1 : Time (s): cpu = 00:00:04 ; elapsed = 00:00:04 . Memory (MB): peak = 1119.738 ; gain = 3.539
---------------------------------------------------------------------------------
Netlist sorting complete. Time (s): cpu = 00:00:00 ; elapsed = 00:00:00.014 . Memory (MB): peak = 1119.738 ; gain = 0.000
INFO: [Project 1-570] Preparing netlist for logic optimization

Processing XDC Constraints
Initializing timing engine
Parsing XDC File [C:/Users/nayun/verilog20.2/Ondevice_verilog/sensor_project/Integrated Project/Integrated Project.srcs/constrs_1/imports/Ondevice_verilog/Basys-3-Master.xdc]
Finished Parsing XDC File [C:/Users/nayun/verilog20.2/Ondevice_verilog/sensor_project/Integrated Project/Integrated Project.srcs/constrs_1/imports/Ondevice_verilog/Basys-3-Master.xdc]
INFO: [Project 1-236] Implementation specific constraints were found while reading constraint file [C:/Users/nayun/verilog20.2/Ondevice_verilog/sensor_project/Integrated Project/Integrated Project.srcs/constrs_1/imports/Ondevice_verilog/Basys-3-Master.xdc]. These constraints will be ignored for synthesis but will be used in implementation. Impacted constraints are listed in the file [.Xil/Top_module_propImpl.xdc].
Resolution: To avoid this warning, move constraints listed in [.Xil/Top_module_propImpl.xdc] to another XDC file and exclude this new file from synthesis with the used_in_synthesis property (File Properties dialog in GUI) and re-run elaboration/synthesis.
Completed Processing XDC Constraints

Netlist sorting complete. Time (s): cpu = 00:00:00 ; elapsed = 00:00:00.001 . Memory (MB): peak = 1235.922 ; gain = 0.000
INFO: [Project 1-111] Unisim Transformation Summary:
No Unisim elements were transformed.

Constraint Validation Runtime : Time (s): cpu = 00:00:00 ; elapsed = 00:00:00.007 . Memory (MB): peak = 1235.922 ; gain = 0.000
---------------------------------------------------------------------------------
Finished Constraint Validation : Time (s): cpu = 00:00:08 ; elapsed = 00:00:08 . Memory (MB): peak = 1235.922 ; gain = 119.723
---------------------------------------------------------------------------------
---------------------------------------------------------------------------------
Start Loading Part and Timing Information
---------------------------------------------------------------------------------
Loading part: xc7a35tcpg236-1
---------------------------------------------------------------------------------
Finished Loading Part and Timing Information : Time (s): cpu = 00:00:08 ; elapsed = 00:00:08 . Memory (MB): peak = 1235.922 ; gain = 119.723
---------------------------------------------------------------------------------
---------------------------------------------------------------------------------
Start Applying 'set_property' XDC Constraints
---------------------------------------------------------------------------------
---------------------------------------------------------------------------------
Finished applying 'set_property' XDC Constraints : Time (s): cpu = 00:00:08 ; elapsed = 00:00:08 . Memory (MB): peak = 1235.922 ; gain = 119.723
---------------------------------------------------------------------------------
INFO: [Synth 8-802] inferred FSM for state register 'c_state_reg' in module 'SR04_controller'
INFO: [Synth 8-802] inferred FSM for state register 'c_state_reg' in module 'dht11_controller'
INFO: [Synth 8-802] inferred FSM for state register 'current_state_reg' in module 'stopwatch_control_unit'
INFO: [Synth 8-802] inferred FSM for state register 'current_state_reg' in module 'watch_control_unit'
INFO: [Synth 8-802] inferred FSM for state register 'state_reg' in module 'ascii_sender'
INFO: [Synth 8-802] inferred FSM for state register 'fifo_tx_state_reg' in module 'fifo_uart_fsm'
INFO: [Synth 8-802] inferred FSM for state register 'c_state_reg' in module 'Tx'
INFO: [Synth 8-802] inferred FSM for state register 'c_state_reg' in module 'Rx'
---------------------------------------------------------------------------------------------------
                   State |                     New Encoding |                Previous Encoding 
---------------------------------------------------------------------------------------------------
                    IDLE |                               00 |                               00
                 TRIGGER |                               01 |                               01
               ECHO_WAIT |                               10 |                               10
              ECHO_COUNT |                               11 |                               11
---------------------------------------------------------------------------------------------------
INFO: [Synth 8-3354] encoded FSM with state register 'c_state_reg' using encoding 'sequential' in module 'SR04_controller'
---------------------------------------------------------------------------------------------------
                   State |                     New Encoding |                Previous Encoding 
---------------------------------------------------------------------------------------------------
                    IDLE |                         00000001 |                              000
                   START |                         00000010 |                              001
                    WAIT |                         00000100 |                              010
                  SYNC_L |                         00001000 |                              011
                  SYNC_H |                         00010000 |                              100
               DATA_SYNC |                         00100000 |                              101
                  DATA_C |                         01000000 |                              110
                    STOP |                         10000000 |                              111
---------------------------------------------------------------------------------------------------
INFO: [Synth 8-3354] encoded FSM with state register 'c_state_reg' using encoding 'one-hot' in module 'dht11_controller'
---------------------------------------------------------------------------------------------------
                   State |                     New Encoding |                Previous Encoding 
---------------------------------------------------------------------------------------------------
                    stop |                              001 |                               00
                     run |                              010 |                               01
                   clear |                              100 |                               10
---------------------------------------------------------------------------------------------------
INFO: [Synth 8-3354] encoded FSM with state register 'current_state_reg' using encoding 'one-hot' in module 'stopwatch_control_unit'
---------------------------------------------------------------------------------------------------
                   State |                     New Encoding |                Previous Encoding 
---------------------------------------------------------------------------------------------------
                    IDLE |                              000 |                              000
                    H_10 |                              001 |                              001
                     M_1 |                              010 |                              100
                    M_10 |                              011 |                              011
                     H_1 |                              100 |                              010
---------------------------------------------------------------------------------------------------
INFO: [Synth 8-3354] encoded FSM with state register 'current_state_reg' using encoding 'sequential' in module 'watch_control_unit'
---------------------------------------------------------------------------------------------------
                   State |                     New Encoding |                Previous Encoding 
---------------------------------------------------------------------------------------------------
                    IDLE |                              001 |                               00
                    SEND |                              010 |                               01
                    DONE |                              100 |                               10
---------------------------------------------------------------------------------------------------
INFO: [Synth 8-3354] encoded FSM with state register 'state_reg' using encoding 'one-hot' in module 'ascii_sender'
---------------------------------------------------------------------------------------------------
                   State |                     New Encoding |                Previous Encoding 
---------------------------------------------------------------------------------------------------
                 iSTATE1 |                               00 |                               00
                  iSTATE |                               01 |                               01
                 iSTATE0 |                               10 |                               10
                 iSTATE2 |                               11 |                               11
*
---------------------------------------------------------------------------------------------------
INFO: [Synth 8-3354] encoded FSM with state register 'fifo_tx_state_reg' using encoding 'sequential' in module 'fifo_uart_fsm'
---------------------------------------------------------------------------------------------------
                   State |                     New Encoding |                Previous Encoding 
---------------------------------------------------------------------------------------------------
                    IDLE |                               00 |                              000
                   START |                               01 |                              001
                    DATA |                               10 |                              010
                    STOP |                               11 |                              011
---------------------------------------------------------------------------------------------------
INFO: [Synth 8-3354] encoded FSM with state register 'c_state_reg' using encoding 'sequential' in module 'Tx'
---------------------------------------------------------------------------------------------------
                   State |                     New Encoding |                Previous Encoding 
---------------------------------------------------------------------------------------------------
                    IDLE |                               00 |                               00
                   START |                               01 |                               01
                    DATA |                               10 |                               10
                    STOP |                               11 |                               11
---------------------------------------------------------------------------------------------------
INFO: [Synth 8-3354] encoded FSM with state register 'c_state_reg' using encoding 'sequential' in module 'Rx'
---------------------------------------------------------------------------------
Finished RTL Optimization Phase 2 : Time (s): cpu = 00:00:09 ; elapsed = 00:00:09 . Memory (MB): peak = 1235.922 ; gain = 119.723
---------------------------------------------------------------------------------
---------------------------------------------------------------------------------
Start RTL Component Statistics 
---------------------------------------------------------------------------------
Detailed RTL Component Info : 
+---Adders : 
	   2 Input   32 Bit       Adders := 1     
	   2 Input   28 Bit       Adders := 3     
	   2 Input   25 Bit       Adders := 2     
	   2 Input   20 Bit       Adders := 3     
	   2 Input   18 Bit       Adders := 1     
	   2 Input   15 Bit       Adders := 2     
	   2 Input   10 Bit       Adders := 6     
	   4 Input    8 Bit       Adders := 1     
	   2 Input    8 Bit       Adders := 4     
	   2 Input    7 Bit       Adders := 6     
	   2 Input    6 Bit       Adders := 11    
	   2 Input    5 Bit       Adders := 5     
	   2 Input    4 Bit       Adders := 30    
	   2 Input    3 Bit       Adders := 3     
+---Registers : 
	               40 Bit    Registers := 1     
	               28 Bit    Registers := 3     
	               25 Bit    Registers := 2     
	               20 Bit    Registers := 2     
	               18 Bit    Registers := 1     
	               15 Bit    Registers := 2     
	               10 Bit    Registers := 6     
	                9 Bit    Registers := 1     
	                8 Bit    Registers := 22    
	                7 Bit    Registers := 4     
	                6 Bit    Registers := 7     
	                5 Bit    Registers := 4     
	                4 Bit    Registers := 5     
	                3 Bit    Registers := 3     
	                2 Bit    Registers := 1     
	                1 Bit    Registers := 51    
+---Muxes : 
	   4 Input   32 Bit        Muxes := 1     
	   2 Input   28 Bit        Muxes := 4     
	   2 Input   25 Bit        Muxes := 8     
	   2 Input   20 Bit        Muxes := 3     
	  12 Input   20 Bit        Muxes := 1     
	   2 Input   18 Bit        Muxes := 1     
	   2 Input   15 Bit        Muxes := 6     
	   4 Input   15 Bit        Muxes := 1     
	   8 Input   15 Bit        Muxes := 1     
	   8 Input    8 Bit        Muxes := 1     
	   2 Input    8 Bit        Muxes := 14    
	   4 Input    8 Bit        Muxes := 1     
	   2 Input    7 Bit        Muxes := 22    
	   4 Input    7 Bit        Muxes := 2     
	   3 Input    7 Bit        Muxes := 2     
	   2 Input    6 Bit        Muxes := 18    
	   8 Input    6 Bit        Muxes := 1     
	   2 Input    5 Bit        Muxes := 8     
	   3 Input    5 Bit        Muxes := 1     
	   6 Input    4 Bit        Muxes := 1     
	   4 Input    4 Bit        Muxes := 2     
	   2 Input    4 Bit        Muxes := 6     
	   3 Input    4 Bit        Muxes := 1     
	   8 Input    3 Bit        Muxes := 1     
	   3 Input    3 Bit        Muxes := 1     
	   2 Input    3 Bit        Muxes := 9     
	   5 Input    3 Bit        Muxes := 2     
	   4 Input    3 Bit        Muxes := 2     
	   6 Input    3 Bit        Muxes := 1     
	   4 Input    2 Bit        Muxes := 4     
	   2 Input    2 Bit        Muxes := 8     
	   2 Input    1 Bit        Muxes := 95    
	   4 Input    1 Bit        Muxes := 23    
	   8 Input    1 Bit        Muxes := 8     
	   3 Input    1 Bit        Muxes := 16    
	   5 Input    1 Bit        Muxes := 1     
	  12 Input    1 Bit        Muxes := 18    
	   9 Input    1 Bit        Muxes := 1     
---------------------------------------------------------------------------------
Finished RTL Component Statistics 
---------------------------------------------------------------------------------
---------------------------------------------------------------------------------
Start Part Resource Summary
---------------------------------------------------------------------------------
Part Resources:
DSPs: 90 (col length:60)
BRAMs: 100 (col length: RAMB18 60 RAMB36 30)
---------------------------------------------------------------------------------
Finished Part Resource Summary
---------------------------------------------------------------------------------
---------------------------------------------------------------------------------
Start Cross Boundary and Area Optimization
---------------------------------------------------------------------------------
DSP Report: Generating DSP U_SRO4_CNRL/dist_reg1, operation Mode is: A*(B:0x46a).
DSP Report: operator U_SRO4_CNRL/dist_reg1 is absorbed into DSP U_SRO4_CNRL/dist_reg1.
---------------------------------------------------------------------------------
Finished Cross Boundary and Area Optimization : Time (s): cpu = 00:00:17 ; elapsed = 00:00:17 . Memory (MB): peak = 1235.922 ; gain = 119.723
---------------------------------------------------------------------------------
---------------------------------------------------------------------------------
Start ROM, RAM, DSP, Shift Register and Retiming Reporting
---------------------------------------------------------------------------------

Distributed RAM: Preliminary Mapping	Report (see note below)
+------------+------------------------------------+-----------+----------------------+-------------+
|Module Name | RTL Object                         | Inference | Size (Depth x Width) | Primitives  | 
+------------+------------------------------------+-----------+----------------------+-------------+
|Top_module  | U_TOP_FIFO/U_FIFO_REG/r_memory_reg | Implied   | 32 x 8               | RAM32M x 2	 | 
+------------+------------------------------------+-----------+----------------------+-------------+

Note: The table above is a preliminary report that shows the Distributed RAMs at the current stage of the synthesis flow. Some Distributed RAMs may be reimplemented as non Distributed RAM primitives later in the synthesis flow. Multiple instantiated RAMs are reported only once.

DSP: Preliminary Mapping	Report (see note below)
+----------------+-------------+--------+--------+--------+--------+--------+------+------+------+------+-------+------+------+
|Module Name     | DSP Mapping | A Size | B Size | C Size | D Size | P Size | AREG | BREG | CREG | DREG | ADREG | MREG | PREG | 
+----------------+-------------+--------+--------+--------+--------+--------+------+------+------+------+-------+------+------+
|SR04_controller | A*(B:0x46a) | 15     | 11     | -      | -      | 26     | 0    | 0    | -    | -    | -     | 0    | 0    | 
+----------------+-------------+--------+--------+--------+--------+--------+------+------+------+------+-------+------+------+

Note: The table above is a preliminary report that shows the DSPs inferred at the current stage of the synthesis flow. Some DSP may be reimplemented as non DSP primitives later in the synthesis flow. Multiple instantiated DSPs are reported only once.
---------------------------------------------------------------------------------
Finished ROM, RAM, DSP, Shift Register and Retiming Reporting
---------------------------------------------------------------------------------
---------------------------------------------------------------------------------
Start Applying XDC Timing Constraints
---------------------------------------------------------------------------------
---------------------------------------------------------------------------------
Finished Applying XDC Timing Constraints : Time (s): cpu = 00:00:21 ; elapsed = 00:00:22 . Memory (MB): peak = 1260.617 ; gain = 144.418
---------------------------------------------------------------------------------
---------------------------------------------------------------------------------
Start Timing Optimization
---------------------------------------------------------------------------------
---------------------------------------------------------------------------------
Finished Timing Optimization : Time (s): cpu = 00:00:21 ; elapsed = 00:00:22 . Memory (MB): peak = 1263.891 ; gain = 147.691
---------------------------------------------------------------------------------
---------------------------------------------------------------------------------
Start ROM, RAM, DSP, Shift Register and Retiming Reporting
---------------------------------------------------------------------------------

Distributed RAM: Final Mapping	Report
+------------+------------------------------------+-----------+----------------------+-------------+
|Module Name | RTL Object                         | Inference | Size (Depth x Width) | Primitives  | 
+------------+------------------------------------+-----------+----------------------+-------------+
|Top_module  | U_TOP_FIFO/U_FIFO_REG/r_memory_reg | Implied   | 32 x 8               | RAM32M x 2	 | 
+------------+------------------------------------+-----------+----------------------+-------------+

---------------------------------------------------------------------------------
Finished ROM, RAM, DSP, Shift Register and Retiming Reporting
---------------------------------------------------------------------------------
---------------------------------------------------------------------------------
Start Technology Mapping
---------------------------------------------------------------------------------
---------------------------------------------------------------------------------
Finished Technology Mapping : Time (s): cpu = 00:00:22 ; elapsed = 00:00:22 . Memory (MB): peak = 1315.371 ; gain = 199.172
---------------------------------------------------------------------------------
---------------------------------------------------------------------------------
Start IO Insertion
---------------------------------------------------------------------------------
---------------------------------------------------------------------------------
Start Flattening Before IO Insertion
---------------------------------------------------------------------------------
---------------------------------------------------------------------------------
Finished Flattening Before IO Insertion
---------------------------------------------------------------------------------
---------------------------------------------------------------------------------
Start Final Netlist Cleanup
---------------------------------------------------------------------------------
---------------------------------------------------------------------------------
Finished Final Netlist Cleanup
---------------------------------------------------------------------------------
---------------------------------------------------------------------------------
Finished IO Insertion : Time (s): cpu = 00:00:23 ; elapsed = 00:00:24 . Memory (MB): peak = 1329.141 ; gain = 212.941
---------------------------------------------------------------------------------
---------------------------------------------------------------------------------
Start Renaming Generated Instances
---------------------------------------------------------------------------------
---------------------------------------------------------------------------------
Finished Renaming Generated Instances : Time (s): cpu = 00:00:23 ; elapsed = 00:00:24 . Memory (MB): peak = 1329.141 ; gain = 212.941
---------------------------------------------------------------------------------
---------------------------------------------------------------------------------
Start Rebuilding User Hierarchy
---------------------------------------------------------------------------------
---------------------------------------------------------------------------------
Finished Rebuilding User Hierarchy : Time (s): cpu = 00:00:24 ; elapsed = 00:00:24 . Memory (MB): peak = 1329.141 ; gain = 212.941
---------------------------------------------------------------------------------
---------------------------------------------------------------------------------
Start Renaming Generated Ports
---------------------------------------------------------------------------------
---------------------------------------------------------------------------------
Finished Renaming Generated Ports : Time (s): cpu = 00:00:24 ; elapsed = 00:00:24 . Memory (MB): peak = 1329.141 ; gain = 212.941
---------------------------------------------------------------------------------
---------------------------------------------------------------------------------
Start Handling Custom Attributes
---------------------------------------------------------------------------------
---------------------------------------------------------------------------------
Finished Handling Custom Attributes : Time (s): cpu = 00:00:24 ; elapsed = 00:00:24 . Memory (MB): peak = 1329.141 ; gain = 212.941
---------------------------------------------------------------------------------
---------------------------------------------------------------------------------
Start Renaming Generated Nets
---------------------------------------------------------------------------------
---------------------------------------------------------------------------------
Finished Renaming Generated Nets : Time (s): cpu = 00:00:24 ; elapsed = 00:00:24 . Memory (MB): peak = 1329.141 ; gain = 212.941
---------------------------------------------------------------------------------
---------------------------------------------------------------------------------
Start Writing Synthesis Report
---------------------------------------------------------------------------------

Report BlackBoxes: 
+-+--------------+----------+
| |BlackBox name |Instances |
+-+--------------+----------+
+-+--------------+----------+

Report Cell Usage: 
+------+--------+------+
|      |Cell    |Count |
+------+--------+------+
|1     |BUFG    |     1|
|2     |CARRY4  |    92|
|3     |DSP48E1 |     1|
|4     |LUT1    |    44|
|5     |LUT2    |   203|
|6     |LUT3    |   118|
|7     |LUT4    |   202|
|8     |LUT5    |   269|
|9     |LUT6    |   368|
|10    |MUXF7   |     8|
|11    |RAM32M  |     2|
|12    |FDCE    |   634|
|13    |FDPE    |    10|
|14    |FDRE    |    65|
|15    |FDSE    |     6|
|16    |IBUF    |    13|
|17    |IOBUF   |     1|
|18    |OBUF    |    30|
+------+--------+------+
---------------------------------------------------------------------------------
Finished Writing Synthesis Report : Time (s): cpu = 00:00:24 ; elapsed = 00:00:24 . Memory (MB): peak = 1329.141 ; gain = 212.941
---------------------------------------------------------------------------------
Synthesis finished with 0 errors, 0 critical warnings and 0 warnings.
Synthesis Optimization Runtime : Time (s): cpu = 00:00:19 ; elapsed = 00:00:23 . Memory (MB): peak = 1329.141 ; gain = 96.758
Synthesis Optimization Complete : Time (s): cpu = 00:00:24 ; elapsed = 00:00:24 . Memory (MB): peak = 1329.141 ; gain = 212.941
INFO: [Project 1-571] Translating synthesized netlist
Netlist sorting complete. Time (s): cpu = 00:00:00 ; elapsed = 00:00:00.019 . Memory (MB): peak = 1341.258 ; gain = 0.000
INFO: [Netlist 29-17] Analyzing 104 Unisim elements for replacement
INFO: [Netlist 29-28] Unisim Transformation completed in 0 CPU seconds
INFO: [Project 1-570] Preparing netlist for logic optimization
INFO: [Opt 31-138] Pushed 0 inverter(s) to 0 load pin(s).
Netlist sorting complete. Time (s): cpu = 00:00:00 ; elapsed = 00:00:00 . Memory (MB): peak = 1341.258 ; gain = 0.000
INFO: [Project 1-111] Unisim Transformation Summary:
  A total of 3 instances were transformed.
  IOBUF => IOBUF (IBUF, OBUFT): 1 instance 
  RAM32M => RAM32M (RAMD32(x6), RAMS32(x2)): 2 instances

INFO: [Common 17-83] Releasing license: Synthesis
117 Infos, 0 Warnings, 0 Critical Warnings and 0 Errors encountered.
synth_design completed successfully
synth_design: Time (s): cpu = 00:00:27 ; elapsed = 00:00:29 . Memory (MB): peak = 1341.258 ; gain = 225.059
INFO: [Common 17-1381] The checkpoint 'C:/Users/nayun/verilog20.2/Ondevice_verilog/sensor_project/Integrated Project/Integrated Project.runs/synth_1/Top_module.dcp' has been generated.
INFO: [runtcl-4] Executing : report_utilization -file Top_module_utilization_synth.rpt -pb Top_module_utilization_synth.pb
INFO: [Common 17-206] Exiting Vivado at Sun Feb 22 16:20:37 2026...
